<?xml version="1.0" encoding="UTF-8"?>
<beans xmlns="http://www.springframework.org/schema/beans"
	xmlns:xsi="http://www.w3.org/2001/XMLSchema-instance" xmlns:aop="http://www.springframework.org/schema/aop"
	xmlns:context="http://www.springframework.org/schema/context"
	xsi:schemaLocation="
		http://www.springframework.org/schema/beans
		http://www.springframework.org/schema/beans/spring-beans.xsd
		http://www.springframework.org/schema/aop
		http://www.springframework.org/schema/aop/spring-aop-3.1.xsd
		http://www.springframework.org/schema/context
		http://www.springframework.org/schema/context/spring-context-3.1.xsd">

	
	<context:property-placeholder location="classpath:application.properties" ignore-unresolvable="true" />
	<context:component-scan base-package="cn.blmdz.test.spring.model" />
	
	<bean class="cn.blmdz.test.spring.model.TestModel">
		<property name="name" value="${test.name}" />
		<property name="age" value="${test.age}" />
	</bean>
</beans>